<?xml version="1.0" encoding="UTF-8"?>
<!-- Generated by org.testng.reporters.JUnitReportReporter -->
<testsuite hostname="DESKTOP-JA0HHIQ" failures="0" tests="3" name="com.qa.opencart.tests.RegisterPageTest" time="15.437" errors="0" timestamp="2024-07-03T17:17:41 IST" skipped="0">
  <testcase classname="com.qa.opencart.tests.RegisterPageTest" name="userRegisterationTest" time="5.563"/>
  <testcase classname="com.qa.opencart.tests.RegisterPageTest" name="userRegisterationTest" time="4.885"/>
  <testcase classname="com.qa.opencart.tests.RegisterPageTest" name="userRegisterationTest" time="4.989"/>
</testsuite> <!-- com.qa.opencart.tests.RegisterPageTest -->
