<?xml version="1.0" encoding="UTF-8"?>
<!-- Generated by org.testng.reporters.JUnitReportReporter -->
<testsuite hostname="DESKTOP-JA0HHIQ" failures="0" tests="4" name="com.qa.opencart.tests.LoginPageTest" time="6.920" errors="0" timestamp="2024-07-12T16:50:29 IST" skipped="0">
  <testcase classname="com.qa.opencart.tests.LoginPageTest" name="loginPageTitleTest" time="0.197"/>
  <testcase classname="com.qa.opencart.tests.LoginPageTest" name="loginPageURLTest" time="5.210"/>
  <testcase classname="com.qa.opencart.tests.LoginPageTest" name="forgotPwdLinkExistTest" time="0.054"/>
  <testcase classname="com.qa.opencart.tests.LoginPageTest" name="loginTest" time="1.459"/>
</testsuite> <!-- com.qa.opencart.tests.LoginPageTest -->
