<?xml version="1.0" encoding="UTF-8"?>
<!-- Generated by org.testng.reporters.JUnitReportReporter -->
<testsuite hostname="DESKTOP-JA0HHIQ" failures="0" tests="3" name="com.qa.opencart.tests.RegisterPageTest" time="7.868" errors="0" timestamp="2024-07-12T13:59:28 IST" skipped="0">
  <testcase classname="com.qa.opencart.tests.RegisterPageTest" name="userRegisterationTest" time="2.479"/>
  <testcase classname="com.qa.opencart.tests.RegisterPageTest" name="userRegisterationTest" time="2.846"/>
  <testcase classname="com.qa.opencart.tests.RegisterPageTest" name="userRegisterationTest" time="2.543"/>
</testsuite> <!-- com.qa.opencart.tests.RegisterPageTest -->
