<?xml version="1.0" encoding="UTF-8"?>
<!-- Generated by org.testng.reporters.JUnitReportReporter -->
<testsuite hostname="DESKTOP-JA0HHIQ" failures="0" tests="7" name="com.qa.opencart.tests.AccountsPageTest" time="4.099" errors="0" timestamp="2024-06-21T15:32:32 IST" skipped="0">
  <testcase classname="com.qa.opencart.tests.AccountsPageTest" name="searchTest" time="0.771"/>
  <testcase classname="com.qa.opencart.tests.AccountsPageTest" name="searchTest" time="0.715"/>
  <testcase classname="com.qa.opencart.tests.AccountsPageTest" name="accPageHeadersTest" time="0.171"/>
  <testcase classname="com.qa.opencart.tests.AccountsPageTest" name="searchTest" time="0.685"/>
  <testcase classname="com.qa.opencart.tests.AccountsPageTest" name="actPageTitleTest" time="0.031"/>
  <testcase classname="com.qa.opencart.tests.AccountsPageTest" name="searchTest" time="1.700"/>
  <testcase classname="com.qa.opencart.tests.AccountsPageTest" name="accPageURLTest" time="0.026"/>
</testsuite> <!-- com.qa.opencart.tests.AccountsPageTest -->
